  Building GameAssembly.dll with MsvcWinRtToolChain
  	Msvc Install Version: 16.0
  	Msvc Install SDK Directory: C:\Program Files (x86)\Windows Kits\10
  	Msvc Linker Path: C:\Program Files (x86)\Microsoft Visual Studio\2019\Community\VC\Tools\MSVC\14.29.30133\bin\HostX64\ARM64\link.exe
  	Msvc Compiler Path: C:\Program Files (x86)\Microsoft Visual Studio\2019\Community\VC\Tools\MSVC\14.29.30133\bin\HostX64\ARM64\cl.exe
  
  	Output directory: C:\Users\AClea\Documents\GitHub\MRTK_SceneUnderstanding\HoloLensBuild\build\bin\ARM64\Release
  	Cache directory: C:\Users\AClea\Documents\GitHub\MRTK_SceneUnderstanding\HoloLensBuild\build\obj\il2cppOutputProject\ARM64\Release
  Il2CppInteropDataTable.cpp
  Il2CppCCalculateTypeValues1.cpp
  Il2CppGenericMethodPointerTable.cpp
  Il2CppMetadataUsage.c
  Il2CppTypeDefinitions.c
  GenericMethods.cpp
  Generics12.cpp
  GenericMethods3.cpp
  Generics19.cpp
  GenericMethods6.cpp
  GenericMethods7.cpp
  Il2CppCCalculateFieldValues.cpp
  Il2CppCCalculateTypeValues.cpp
  Il2CppCCalculateFieldValues1.cpp
  mscorlib_CodeGen.c
  Generics7.cpp
  Generics32.cpp
  Il2CppInvokerTable.cpp
  Microsoft.MixedReality.Toolkit.Examples.cpp
  GenericMethods1.cpp
  Microsoft.MixedReality.Toolkit.Examples1.cpp
  Generics.cpp
  Generics34.cpp
  Unity.TextMeshPro2.cpp
  Generics20.cpp
  Microsoft.MixedReality.Toolkit.SDK7.cpp
  GenericMethods5.cpp
  Il2CppPCCWMethods.cpp
  Generics11.cpp
  Generics28.cpp
  Generics5.cpp
  Microsoft.MixedReality.Toolkit3.cpp
  Unity.TextMeshPro.cpp
  Generics22.cpp
  GenericMethods8.cpp
  Generics33.cpp
  Generics35.cpp
  GenericMethods10.cpp
  Generics30.cpp
  Unity.RenderPipelines.Core.Runtime2.cpp
  UnityEngine.CoreModule1.cpp
  Unity.RenderPipelines.Core.Runtime1.cpp
  mscorlib8.cpp
  Generics6.cpp
  Generics21.cpp
  UnityEngine.CoreModule.cpp
  Il2CppGenericInstDefinitions.c
  Generics13.cpp
  mscorlib9.cpp
  Unity.RenderPipelines.Core.Runtime.cpp
  mscorlib1.cpp
  Il2CppCCWs30.cpp
  GenericMethods2.cpp
  Generics17.cpp
  Generics3.cpp
  Generics4.cpp
  UnityEngine.UI2.cpp
  Il2CppCCWs74.cpp
  Generics2.cpp
  GenericMethods4.cpp
  Generics14.cpp
  Il2CppCCWs3.cpp
  Generics16.cpp
  Generics1.cpp
  Il2CppCCWs87.cpp
  UnityEngine.CoreModule2.cpp
  Generics15.cpp
  Il2CppCCWs75.cpp
  Generics31.cpp
  Il2CppGenericClassTable.c
  Microsoft.MixedReality.Toolkit.SDK_CodeGen.c
  Generics9.cpp
  Il2CppGenericAdjustorThunkTable.cpp
  Generics18.cpp
  UnityEngine.UI1.cpp
  UnityEngine.CoreModule_Attr.cpp
  Il2CppGenericMethodTable.c
  Generics10.cpp
  Generics36.cpp
  Generics29.cpp
  Unity.TextMeshPro5.cpp
  Generics27.cpp
  Generics8.cpp
  Microsoft.MixedReality.Toolkit_CodeGen.c
  Microsoft.MixedReality.Toolkit.Gltf.cpp
  Il2CppCCWs65.cpp
  Microsoft.MixedReality.Toolkit.Providers.WindowsSceneUnderstanding.cpp
  Generics23.cpp
  Microsoft.MixedReality.Toolkit.Examples2.cpp
  Il2CppGenericMethodDefinitions.c
  UnityEngine.CoreModule_CodeGen.c
  UnresolvedVirtualCallStubs.cpp
  Generics24.cpp
  Generics26.cpp
  Generics25.cpp
  WindowsRuntimeMetadata.cpp
  mscorlib_Attr.cpp
  GenericMethods9.cpp
  Il2CppCCWs80.cpp
  Il2CppCCWs81.cpp
  Il2CppCCWs88.cpp
  System.Runtime.WindowsRuntime.cpp
  Microsoft.MixedReality.Toolkit.Providers.WindowsMixedReality.Shared.cpp
  Il2CppCCWs58.cpp
  Il2CppCCWs34.cpp
  Il2CppCCWs91.cpp
  Il2CppCCWs96.cpp
  Il2CppCCWs85.cpp
  Il2CppCCWs78.cpp
  Il2CppCCWs77.cpp
  Il2CppCCWs21.cpp
  Il2CppCCWs82.cpp
  Il2CppCCWs92.cpp
  Il2CppCCWs79.cpp
  Il2CppCCWs84.cpp
  UnityEngine.XRModule.cpp
  Il2CppCCWs94.cpp
  Unity.RenderPipelines.Core.Runtime_CodeGen.c
  Il2CppCCTypeValuesTable.cpp
  Il2CppCCWs20.cpp
  UnityEngine.UI_CodeGen.c
  Il2CppCCWs59.cpp
  Il2CppCCWs86.cpp
  Il2CppCCWs95.cpp
  Unity.TextMeshPro_CodeGen.c
  Il2CppCCWs.cpp
  Il2CppCCWs63.cpp
  Il2CppCCWs83.cpp
  Il2CppCCWs60.cpp
  Il2CppCCWs61.cpp
  Il2CppCCWs62.cpp
  Il2CppCCWs22.cpp
  Il2CppCCWs73.cpp
  Il2CppCCWs23.cpp
  Il2CppCCWs19.cpp
  Il2CppCCWs32.cpp
  Il2CppCCWs70.cpp
  Il2CppCCWs64.cpp
  Il2CppCCWs33.cpp
  Il2CppCCWs72.cpp
  Microsoft.MixedReality.Toolkit.Examples_CodeGen.c
  Il2CppCCFieldValuesTable.cpp
  Il2CppCCWs25.cpp
  Il2CppCCWs71.cpp
  Il2CppCCWs90.cpp
  Il2CppCCWs27.cpp
  Il2CppCCWs89.cpp
  Il2CppCCWs1.cpp
  Il2CppCCWs66.cpp
  Il2CppCCWs2.cpp
  Il2CppCCWs28.cpp
  Il2CppCCWs24.cpp
  Il2CppCCWs26.cpp
  Il2CppCCWs93.cpp
  UnityEngine.AnimationModule.cpp
  Il2CppCCWs31.cpp
  Il2CppCCWs67.cpp
  System_CodeGen.c
  Il2CppCCWs68.cpp
  UnityEngine.Physics2DModule.cpp
  UnityEngine.XRModule_Attr.cpp
  Il2CppCCWs76.cpp
  Microsoft.MixedReality.Toolkit.Services.InputSystem_CodeGen.c
  Microsoft.MixedReality.Toolkit.SDK.Experimental.Interactive_CodeGen.c
  Il2CppCCWs37.cpp
  Il2CppCCWs69.cpp
  Il2CppCCWs51.cpp
  Il2CppCCWs49.cpp
  Il2CppCCWs36.cpp
  Il2CppCCWs38.cpp
  Il2CppCCWs57.cpp
  Il2CppCCWs40.cpp
  Il2CppCCWs39.cpp
  Il2CppCCWs29.cpp
  Il2CppCCWs46.cpp
  WindowsRuntimeMetadata_CodeGen.c
  Il2CppCCWs48.cpp
  Il2CppCCWs52.cpp
  Il2CppCCWs35.cpp
  Il2CppCCWs50.cpp
  Il2CppCCWs53.cpp
  Il2CppCCWs43.cpp
  Microsoft.MixedReality.Toolkit.Services.InputSimulation_CodeGen.c
  Il2CppCCWs47.cpp
  Il2CppCCWs41.cpp
  Il2CppCCWs54.cpp
  Il2CppCCWs44.cpp
  Il2CppCCWs8.cpp
  Il2CppCCWs56.cpp
  Il2CppCCWs42.cpp
  Il2CppCCWs55.cpp
  Il2CppCCWs14.cpp
  Il2CppCCWs45.cpp
  Unity.XR.WindowsMixedReality_CodeGen.c
  Il2CppCCWs9.cpp
  Il2CppCCWs18.cpp
  Il2CppCCWs13.cpp
  Il2CppCCWs12.cpp
  Il2CppCCWs16.cpp
  System.Runtime.WindowsRuntime_CodeGen.c
  Il2CppGenericComDefinitions3.cpp
  Microsoft.MixedReality.Toolkit.Gltf_CodeGen.c
  I18N.Rare_CodeGen.c
  Microsoft.MixedReality.Toolkit.Services.InputAnimation_CodeGen.c
  Il2CppCCWs17.cpp
  Microsoft.MixedReality.Toolkit.Services.SceneSystem_CodeGen.c
  Il2CppCCWs15.cpp
  UnityEngine.XRModule_CodeGen.c
  Il2CppCCWs7.cpp
  Il2CppCCWs10.cpp
  Il2CppCCWs6.cpp
  Il2CppCCWs11.cpp
  Microsoft.MixedReality.Toolkit.Providers.WindowsSceneUnderstanding_CodeGen.c
  Il2CppCCWs5.cpp
  UnityEngine.IMGUIModule_CodeGen.c
  I18N.CJK_CodeGen.c
  System.Core_CodeGen.c
  UnityEngine.AndroidJNIModule_CodeGen.c
  UnityEngine.PhysicsModule_CodeGen.c
  Microsoft.MixedReality.SceneUnderstanding.Projections.WSA_CodeGen.c
  Microsoft.MixedReality.Toolkit.Providers.XRSDK.WindowsMixedReality_CodeGen.c
  UnityEngine.UnityWebRequestModule_CodeGen.c
  UnityEngine.TextCoreModule_CodeGen.c
  Microsoft.MixedReality.Toolkit.Async_CodeGen.c
  Unity.XR.ARSubsystems_CodeGen.c
  UnityEngine.AnimationModule_CodeGen.c
  Microsoft.MixedReality.Toolkit.Services.DiagnosticsSystem_CodeGen.c
  Microsoft.MixedReality.Toolkit.Providers.WindowsMixedReality.Shared_CodeGen.c
  Microsoft.MixedReality.Toolkit.Providers.OpenXR_CodeGen.c
  Il2CppGenericComDefinitions108.cpp
  UnityEngine.UIModule_CodeGen.c
  I18N_CodeGen.c
  UnityEngine.SubsystemsModule_CodeGen.c
  Microsoft.MixedReality.Toolkit.Providers.XRSDK_CodeGen.c
  Microsoft.MixedReality.Toolkit.Providers.WindowsVoiceInput_CodeGen.c
  I18N.West_CodeGen.c
  UnityEngine.ParticleSystemModule_CodeGen.c
  UnityEngine.AudioModule_CodeGen.c
  I18N.Other_CodeGen.c
  Unity.XR.Management_CodeGen.c
  UnityEngine.TextRenderingModule_CodeGen.c
  UnityEngine.SharedInternalsModule_CodeGen.c
  System.Numerics_CodeGen.c
  UnityEngine.Physics2DModule_CodeGen.c
  Il2CppGenericComDefinitions47.cpp
  Unity.XR.InteractionSubsystems_CodeGen.c
  UnityEngine.TerrainModule_CodeGen.c
  UnityEngine.InputLegacyModule_CodeGen.c
  UnityEngine.SpatialTracking_CodeGen.c
  I18N.MidEast_CodeGen.c
  UnityEngine.TilemapModule_CodeGen.c
  Il2CppCodeRegistration.cpp
  Microsoft.MixedReality.Toolkit.Services.SpatialAwarenessSystem_CodeGen.c
  Microsoft.MixedReality.Toolkit.Services.TeleportSystem_CodeGen.c
  Microsoft.MixedReality.Toolkit.Demos.UX.Interactables_CodeGen.c
  UnityEngine.VideoModule_CodeGen.c
  UnityEngine.UIElementsNativeModule_CodeGen.c
  Microsoft.MixedReality.Toolkit.Services.CameraSystem_CodeGen.c
  UnityEngine.VFXModule_CodeGen.c
  UnityEngine.UnityAnalyticsModule_CodeGen.c
  System.Configuration_CodeGen.c
  Mono.Security_CodeGen.c
  UnityEngine.VRModule_CodeGen.c
  Microsoft.MixedReality.Toolkit.Demos.Gltf_CodeGen.c
  UnityEngine.ARModule_CodeGen.c
  Assembly-CSharp_CodeGen.c
  UnityEngine.JSONSerializeModule_CodeGen.c
  System.Runtime.WindowsRuntime.UI.Xaml_CodeGen.c
  Microsoft.MixedReality.Toolkit.Demos.InspectorFields_CodeGen.c
  UnityEngine.InputModule_CodeGen.c
  UnityEngine.AIModule_CodeGen.c
  UnityEngine.AssetBundleModule_CodeGen.c
  UnityEngine.DirectorModule_CodeGen.c
  Il2CppMetadataRegistration.c
  UnityEngine.ImageConversionModule_CodeGen.c
  System.Xml_CodeGen.c
  Unity.Subsystem.Registration_CodeGen.c
  UnityEngine.GridModule_CodeGen.c
  Il2CppGenericComDefinitions114.cpp
  Il2CppGenericComDefinitions4.cpp
  Il2CppGenericComDefinitions49.cpp
  ObjectFiles: 630 of which compiled: 281
  	Time Compile: 31981 milliseconds Generics18.cpp
  	Time Compile: 30952 milliseconds Il2CppCCWs65.cpp
  	Time Compile: 27244 milliseconds Il2CppCCWs3.cpp
  	Time Compile: 24890 milliseconds Il2CppCCWs30.cpp
  	Time Compile: 14215 milliseconds Il2CppPCCWMethods.cpp
  	Time Compile: 10766 milliseconds Unity.TextMeshPro2.cpp
  	Time Compile: 9597 milliseconds Generics34.cpp
  	Time Compile: 9419 milliseconds Il2CppCCWs75.cpp
  	Time Compile: 9260 milliseconds Generics14.cpp
  	Time Compile: 8963 milliseconds Generics5.cpp
  Total compilation time: 46541 milliseconds.
  Creating library C:\Users\AClea\Documents\GitHub\MRTK_SceneUnderstanding\HoloLensBuild\build\obj\il2cppOutputProject\ARM64\Release\linkresult_4D3E277B8082FD51741286949B940620\GameAssembly.lib and object C:\Users\AClea\Documents\GitHub\MRTK_SceneUnderstanding\HoloLensBuild\build\obj\il2cppOutputProject\ARM64\Release\linkresult_4D3E277B8082FD51741286949B940620\GameAssembly.exp
  Total link time: 7185 milliseconds.
  Cleaned up 311 object files.
